<?xml version="1.0" encoding="UTF-8"?>
<testng-results skipped="0" failed="0" ignored="0" total="1" passed="1">
  <reporter-output>
  </reporter-output>
  <suite name="Default suite" duration-ms="11727" started-at="2021-01-16T12:20:51 CST" finished-at="2021-01-16T12:21:02 CST">
    <groups>
    </groups>
    <test name="Default test" duration-ms="11727" started-at="2021-01-16T12:20:51 CST" finished-at="2021-01-16T12:21:02 CST">
      <class name="test.AddCatagoryTest">
        <test-method status="PASS" signature="setUP()[pri:0, instance:test.AddCatagoryTest@2a17b7b6]" name="setUP" is-config="true" duration-ms="8631" started-at="2021-01-16T12:20:51 CST" finished-at="2021-01-16T12:20:59 CST">
          <reporter-output>
          </reporter-output>
        </test-method> <!-- setUP -->
        <test-method status="PASS" signature="AddCatagory()[pri:0, instance:test.AddCatagoryTest@2a17b7b6]" name="AddCatagory" duration-ms="2171" started-at="2021-01-16T12:20:59 CST" finished-at="2021-01-16T12:21:02 CST">
          <reporter-output>
          </reporter-output>
        </test-method> <!-- AddCatagory -->
        <test-method status="PASS" signature="teadDown()[pri:0, instance:test.AddCatagoryTest@2a17b7b6]" name="teadDown" is-config="true" duration-ms="875" started-at="2021-01-16T12:21:02 CST" finished-at="2021-01-16T12:21:02 CST">
          <reporter-output>
          </reporter-output>
        </test-method> <!-- teadDown -->
      </class> <!-- test.AddCatagoryTest -->
    </test> <!-- Default test -->
  </suite> <!-- Default suite -->
</testng-results>
